<?xml version="1.0" encoding="UTF-8"?>
<!-- Generated by org.testng.reporters.JUnitXMLReporter -->
<testsuite ignored="0" hostname="andrei-Aspire-5738" failures="0" tests="7" name="Default test" time="0.313" errors="0" timestamp="2020-07-08T16:06:20 EEST">
  <testcase classname="QA.Project.Home" name="@BeforeTest initializeDriverData" time="0.023">
    <failure type="java.io.FileNotFoundException" message="/home/andrei/eclipse-workspace/Project/src/main/java/resources/data.properties (No such file or directory)">
      <![CDATA[java.io.FileNotFoundException: /home/andrei/eclipse-workspace/Project/src/main/java/resources/data.properties (No such file or directory)
at java.base/java.io.FileInputStream.open0(Native Method)
at java.base/java.io.FileInputStream.open(FileInputStream.java:219)
at java.base/java.io.FileInputStream.<init>(FileInputStream.java:157)
at java.base/java.io.FileInputStream.<init>(FileInputStream.java:112)
at resources.Base.InitialiseDriver(Base.java:20)
at QA.Project.Home.initializeDriverData(Home.java:23)
at java.base/jdk.internal.reflect.NativeMethodAccessorImpl.invoke0(Native Method)
at java.base/jdk.internal.reflect.NativeMethodAccessorImpl.invoke(NativeMethodAccessorImpl.java:62)
at java.base/jdk.internal.reflect.DelegatingMethodAccessorImpl.invoke(DelegatingMethodAccessorImpl.java:43)
at java.base/java.lang.reflect.Method.invoke(Method.java:566)
at org.testng.internal.MethodInvocationHelper.invokeMethod(MethodInvocationHelper.java:134)
at org.testng.internal.MethodInvocationHelper.invokeMethodConsideringTimeout(MethodInvocationHelper.java:63)
at org.testng.internal.ConfigInvoker.invokeConfigurationMethod(ConfigInvoker.java:348)
at org.testng.internal.ConfigInvoker.invokeConfigurations(ConfigInvoker.java:302)
at org.testng.TestRunner.invokeTestConfigurations(TestRunner.java:619)
at org.testng.TestRunner.beforeRun(TestRunner.java:609)
at org.testng.TestRunner.run(TestRunner.java:580)
at org.testng.SuiteRunner.runTest(SuiteRunner.java:384)
at org.testng.SuiteRunner.runSequentially(SuiteRunner.java:378)
at org.testng.SuiteRunner.privateRun(SuiteRunner.java:337)
at org.testng.SuiteRunner.run(SuiteRunner.java:286)
at org.testng.SuiteRunnerWorker.runSuite(SuiteRunnerWorker.java:53)
at org.testng.SuiteRunnerWorker.run(SuiteRunnerWorker.java:96)
at org.testng.TestNG.runSuitesSequentially(TestNG.java:1187)
at org.testng.TestNG.runSuitesLocally(TestNG.java:1109)
at org.testng.TestNG.runSuites(TestNG.java:1039)
at org.testng.TestNG.run(TestNG.java:1007)
at org.testng.remote.AbstractRemoteTestNG.run(AbstractRemoteTestNG.java:115)
at org.testng.remote.RemoteTestNG.initAndRun(RemoteTestNG.java:251)
at org.testng.remote.RemoteTestNG.main(RemoteTestNG.java:77)
]]>
    </failure>
  </testcase> <!-- @BeforeTest initializeDriverData -->
  <testcase classname="QA.Project.Home" name="@AfterTest closeBrowser" time="-1.594213579996E9">
    <skipped/>
  </testcase> <!-- @AfterTest closeBrowser -->
  <testcase classname="QA.Project.Home" name="TC1_HomePageTitle" time="0.0">
    <skipped/>
  </testcase> <!-- TC1_HomePageTitle -->
  <testcase classname="QA.Project.Home" name="TC2_HomePageURL" time="0.0">
    <skipped/>
  </testcase> <!-- TC2_HomePageURL -->
  <testcase classname="QA.Project.Home" name="TC3_HomeSearchField" time="0.0">
    <skipped/>
  </testcase> <!-- TC3_HomeSearchField -->
  <testcase classname="QA.Project.Home" name="TC4_HomeKeyboardEnabled" time="0.0">
    <skipped/>
  </testcase> <!-- TC4_HomeKeyboardEnabled -->
  <testcase classname="QA.Project.Home" name="TC5_HomeBelowText1" time="0.0">
    <skipped/>
  </testcase> <!-- TC5_HomeBelowText1 -->
  <testcase classname="QA.Project.Home" name="TC6_HomeBelowText2" time="0.0">
    <skipped/>
  </testcase> <!-- TC6_HomeBelowText2 -->
  <testcase classname="QA.Project.Home" name="TC7_HomeLoginClick" time="0.0">
    <skipped/>
  </testcase> <!-- TC7_HomeLoginClick -->
</testsuite> <!-- Default test -->
