<!DOCTYPE html PUBLIC "-//W3C//DTD XHTML 1.1//EN" "http://www.w3.org/TR/xhtml11/DTD/xhtml11.dtd">
<html xmlns="http://www.w3.org/1999/xhtml">
<head>
<meta http-equiv="content-type" content="text/html; charset=UTF-8"/>
<title>TestNG Report</title>
<style type="text/css">table {margin-bottom:10px;border-collapse:collapse;empty-cells:show}th,td {border:1px solid #009;padding:.25em .5em}th {vertical-align:bottom}td {vertical-align:top}table a {font-weight:bold}.stripe td {background-color: #E6EBF9}.num {text-align:right}.passedodd td {background-color: #3F3}.passedeven td {background-color: #0A0}.skippedodd td {background-color: #DDD}.skippedeven td {background-color: #CCC}.failedodd td,.attn {background-color: #F33}.failedeven td,.stripe .attn {background-color: #D00}.stacktrace {white-space:pre;font-family:monospace}.totop {font-size:85%;text-align:center;border-bottom:2px solid #000}.invisible {display:none}</style>
</head>
<body>
<table>
<tr><th>Test</th><th># Passed</th><th># Skipped</th><th># Retried</th><th># Failed</th><th>Time (ms)</th><th>Included Groups</th><th>Excluded Groups</th></tr>
<tr><th colspan="8">Suite</th></tr>
<tr><td><a href="#t0">Test</a></td><td class="num">13</td><td class="num">0</td><td class="num">0</td><td class="num attn">2</td><td class="num">56.413</td><td></td><td></td></tr>
</table>
<table id='summary'><thead><tr><th>Class</th><th>Method</th><th>Start</th><th>Time (ms)</th></tr></thead><tbody><tr><th colspan="4">Suite</th></tr></tbody><tbody id="t0"><tr><th colspan="4">Test &#8212; failed</th></tr><tr class="failedeven"><td rowspan="2">pageobject.TestEmailPage</td><td><a href="#m0">TC4_insertInvalidEmail</a></td><td rowspan="1">1594281279122</td><td rowspan="1">10787</td></tr><tr class="failedeven"><td><a href="#m1">TC5_insertValidEmail</a></td><td rowspan="1">1594281289918</td><td rowspan="1">10761</td></tr><tr><th colspan="4">Test &#8212; passed</th></tr><tr class="passedeven"><td rowspan="2">pageobject.TestEmailPage</td><td><a href="#m2">TC2_EmailPageURL</a></td><td rowspan="1">1594281278754</td><td rowspan="1">39</td></tr><tr class="passedeven"><td><a href="#m3">TC3_insertEmailDisplayed</a></td><td rowspan="1">1594281278806</td><td rowspan="1">312</td></tr><tr class="passedodd"><td rowspan="7">pageobject.TestHomePage</td><td><a href="#m4">TC1_HomePageTitle</a></td><td rowspan="1">1594281300689</td><td rowspan="1">15</td></tr><tr class="passedodd"><td><a href="#m5">TC2_HomePageURL</a></td><td rowspan="1">1594281300707</td><td rowspan="1">14</td></tr><tr class="passedodd"><td><a href="#m6">TC3_HomeSearchField</a></td><td rowspan="1">1594281300724</td><td rowspan="1">149</td></tr><tr class="passedodd"><td><a href="#m7">TC4_HomeKeyboardEnabled</a></td><td rowspan="1">1594281300889</td><td rowspan="1">55</td></tr><tr class="passedodd"><td><a href="#m8">TC5_HomeBelowText1</a></td><td rowspan="1">1594281300955</td><td rowspan="1">119</td></tr><tr class="passedodd"><td><a href="#m9">TC6_HomeBelowText2</a></td><td rowspan="1">1594281301076</td><td rowspan="1">152</td></tr><tr class="passedodd"><td><a href="#m10">TC7_HomeLoginClick</a></td><td rowspan="1">1594281301231</td><td rowspan="1">2498</td></tr><tr class="passedeven"><td rowspan="4">pageobject.TestPasswordPage</td><td><a href="#m11">TC1_insertPassDisplayed</a></td><td rowspan="1">1594281303741</td><td rowspan="1">185</td></tr><tr class="passedeven"><td><a href="#m12">TC2_forgotPassDisplayed</a></td><td rowspan="1">1594281303936</td><td rowspan="1">184</td></tr><tr class="passedeven"><td><a href="#m13">TC3_insertInvalidPass</a></td><td rowspan="1">1594281304123</td><td rowspan="1">963</td></tr><tr class="passedeven"><td><a href="#m14">TC4_insertValidPass</a></td><td rowspan="1">1594281305096</td><td rowspan="1">3592</td></tr></tbody>
</table>
<h2>Test</h2><h3 id="m0">pageobject.TestEmailPage#TC4_insertInvalidEmail</h3><table class="result"><tr><th>Exception</th></tr><tr><td><div class="stacktrace">org.openqa.selenium.NoSuchElementException: no such element: Unable to locate element: {&quot;method&quot;:&quot;css selector&quot;,&quot;selector&quot;:&quot;span[class*=&apos;RveJvd&apos;]&quot;}
  (Session info: chrome=83.0.4103.106)
For documentation on this error, please visit: https://www.seleniumhq.org/exceptions/no_such_element.html
Build info: version: &apos;3.141.59&apos;, revision: &apos;e82be7d358&apos;, time: &apos;2018-11-14T08:17:03&apos;
System info: host: &apos;andrei-Aspire-5738&apos;, ip: &apos;127.0.1.1&apos;, os.name: &apos;Linux&apos;, os.arch: &apos;amd64&apos;, os.version: &apos;5.3.0-62-generic&apos;, java.version: &apos;11.0.7&apos;
Driver info: org.openqa.selenium.chrome.ChromeDriver
Capabilities {acceptInsecureCerts: false, browserName: chrome, browserVersion: 83.0.4103.106, chrome: {chromedriverVersion: 83.0.4103.61 (94f915a8d7c40..., userDataDir: /tmp/.org.chromium.Chromium...}, goog:chromeOptions: {debuggerAddress: localhost:38549}, javascriptEnabled: true, networkConnectionEnabled: false, pageLoadStrategy: normal, platform: LINUX, platformName: LINUX, proxy: Proxy(), setWindowRect: true, strictFileInteractability: false, timeouts: {implicit: 0, pageLoad: 300000, script: 30000}, unhandledPromptBehavior: dismiss and notify, webauthn:virtualAuthenticators: true}
Session ID: 7a95c8ace7d06b6d093cf4316c9951f4
*** Element info: {Using=css selector, value=span[class*=&apos;RveJvd&apos;]}
	at org.openqa.selenium.remote.http.W3CHttpResponseCodec.createException(W3CHttpResponseCodec.java:187)
	at org.openqa.selenium.remote.http.W3CHttpResponseCodec.decode(W3CHttpResponseCodec.java:122)
	at org.openqa.selenium.remote.http.W3CHttpResponseCodec.decode(W3CHttpResponseCodec.java:49)
	at org.openqa.selenium.remote.HttpCommandExecutor.execute(HttpCommandExecutor.java:158)
	at org.openqa.selenium.remote.service.DriverCommandExecutor.execute(DriverCommandExecutor.java:83)
	at org.openqa.selenium.remote.RemoteWebDriver.execute(RemoteWebDriver.java:552)
	at org.openqa.selenium.remote.RemoteWebDriver.findElement(RemoteWebDriver.java:323)
	at org.openqa.selenium.remote.RemoteWebDriver.findElementByCssSelector(RemoteWebDriver.java:420)
	at org.openqa.selenium.By$ByCssSelector.findElement(By.java:431)
	at org.openqa.selenium.remote.RemoteWebDriver.findElement(RemoteWebDriver.java:315)
	at pageobjects.EmailPage.getEmailNextStep(EmailPage.java:34)
	at pageobject.TestEmailPage.TC4_insertInvalidEmail(TestEmailPage.java:69)
	at java.base/java.util.ArrayList.forEach(ArrayList.java:1540)
... Removed 31 stack frames</div></td></tr></table><p class="totop"><a href="#summary">back to summary</a></p>
<h3 id="m1">pageobject.TestEmailPage#TC5_insertValidEmail</h3><table class="result"><tr><th>Exception</th></tr><tr><td><div class="stacktrace">org.openqa.selenium.NoSuchElementException: no such element: Unable to locate element: {&quot;method&quot;:&quot;css selector&quot;,&quot;selector&quot;:&quot;span[class*=&apos;RveJvd&apos;]&quot;}
  (Session info: chrome=83.0.4103.106)
For documentation on this error, please visit: https://www.seleniumhq.org/exceptions/no_such_element.html
Build info: version: &apos;3.141.59&apos;, revision: &apos;e82be7d358&apos;, time: &apos;2018-11-14T08:17:03&apos;
System info: host: &apos;andrei-Aspire-5738&apos;, ip: &apos;127.0.1.1&apos;, os.name: &apos;Linux&apos;, os.arch: &apos;amd64&apos;, os.version: &apos;5.3.0-62-generic&apos;, java.version: &apos;11.0.7&apos;
Driver info: org.openqa.selenium.chrome.ChromeDriver
Capabilities {acceptInsecureCerts: false, browserName: chrome, browserVersion: 83.0.4103.106, chrome: {chromedriverVersion: 83.0.4103.61 (94f915a8d7c40..., userDataDir: /tmp/.org.chromium.Chromium...}, goog:chromeOptions: {debuggerAddress: localhost:38549}, javascriptEnabled: true, networkConnectionEnabled: false, pageLoadStrategy: normal, platform: LINUX, platformName: LINUX, proxy: Proxy(), setWindowRect: true, strictFileInteractability: false, timeouts: {implicit: 0, pageLoad: 300000, script: 30000}, unhandledPromptBehavior: dismiss and notify, webauthn:virtualAuthenticators: true}
Session ID: 7a95c8ace7d06b6d093cf4316c9951f4
*** Element info: {Using=css selector, value=span[class*=&apos;RveJvd&apos;]}
	at org.openqa.selenium.remote.http.W3CHttpResponseCodec.createException(W3CHttpResponseCodec.java:187)
	at org.openqa.selenium.remote.http.W3CHttpResponseCodec.decode(W3CHttpResponseCodec.java:122)
	at org.openqa.selenium.remote.http.W3CHttpResponseCodec.decode(W3CHttpResponseCodec.java:49)
	at org.openqa.selenium.remote.HttpCommandExecutor.execute(HttpCommandExecutor.java:158)
	at org.openqa.selenium.remote.service.DriverCommandExecutor.execute(DriverCommandExecutor.java:83)
	at org.openqa.selenium.remote.RemoteWebDriver.execute(RemoteWebDriver.java:552)
	at org.openqa.selenium.remote.RemoteWebDriver.findElement(RemoteWebDriver.java:323)
	at org.openqa.selenium.remote.RemoteWebDriver.findElementByCssSelector(RemoteWebDriver.java:420)
	at org.openqa.selenium.By$ByCssSelector.findElement(By.java:431)
	at org.openqa.selenium.remote.RemoteWebDriver.findElement(RemoteWebDriver.java:315)
	at pageobjects.EmailPage.getEmailNextStep(EmailPage.java:34)
	at pageobject.TestEmailPage.TC5_insertValidEmail(TestEmailPage.java:85)
	at java.base/java.util.ArrayList.forEach(ArrayList.java:1540)
... Removed 31 stack frames</div></td></tr></table><p class="totop"><a href="#summary">back to summary</a></p>
<h3 id="m2">pageobject.TestEmailPage#TC2_EmailPageURL</h3><table class="result"><tr><th class="invisible"/></tr></table><p class="totop"><a href="#summary">back to summary</a></p>
<h3 id="m3">pageobject.TestEmailPage#TC3_insertEmailDisplayed</h3><table class="result"><tr><th class="invisible"/></tr></table><p class="totop"><a href="#summary">back to summary</a></p>
<h3 id="m4">pageobject.TestHomePage#TC1_HomePageTitle</h3><table class="result"><tr><th class="invisible"/></tr></table><p class="totop"><a href="#summary">back to summary</a></p>
<h3 id="m5">pageobject.TestHomePage#TC2_HomePageURL</h3><table class="result"><tr><th class="invisible"/></tr></table><p class="totop"><a href="#summary">back to summary</a></p>
<h3 id="m6">pageobject.TestHomePage#TC3_HomeSearchField</h3><table class="result"><tr><th class="invisible"/></tr></table><p class="totop"><a href="#summary">back to summary</a></p>
<h3 id="m7">pageobject.TestHomePage#TC4_HomeKeyboardEnabled</h3><table class="result"><tr><th class="invisible"/></tr></table><p class="totop"><a href="#summary">back to summary</a></p>
<h3 id="m8">pageobject.TestHomePage#TC5_HomeBelowText1</h3><table class="result"><tr><th class="invisible"/></tr></table><p class="totop"><a href="#summary">back to summary</a></p>
<h3 id="m9">pageobject.TestHomePage#TC6_HomeBelowText2</h3><table class="result"><tr><th class="invisible"/></tr></table><p class="totop"><a href="#summary">back to summary</a></p>
<h3 id="m10">pageobject.TestHomePage#TC7_HomeLoginClick</h3><table class="result"><tr><th class="invisible"/></tr></table><p class="totop"><a href="#summary">back to summary</a></p>
<h3 id="m11">pageobject.TestPasswordPage#TC1_insertPassDisplayed</h3><table class="result"><tr><th class="invisible"/></tr></table><p class="totop"><a href="#summary">back to summary</a></p>
<h3 id="m12">pageobject.TestPasswordPage#TC2_forgotPassDisplayed</h3><table class="result"><tr><th class="invisible"/></tr></table><p class="totop"><a href="#summary">back to summary</a></p>
<h3 id="m13">pageobject.TestPasswordPage#TC3_insertInvalidPass</h3><table class="result"><tr><th class="invisible"/></tr></table><p class="totop"><a href="#summary">back to summary</a></p>
<h3 id="m14">pageobject.TestPasswordPage#TC4_insertValidPass</h3><table class="result"><tr><th class="invisible"/></tr></table><p class="totop"><a href="#summary">back to summary</a></p>
</body>
</html>
